2022-01-30 14:27:36.872766: Command '['C:\\Users\\maxim\\AppData\\Local\\Programs\\Python\\Python38\\python.exe', '-m', 'pip', 'install', '-r', 'requirements.daat']' returned non-zero exit status 1. Cannot install requirements!
2022-01-30 14:28:24.173945: Command '['C:\\Users\\maxim\\Desktop\\myCode\\pythonProject3\\venv\\Scripts\\python.exe', '-m', 'pip', 'install', '-r', 'requirements.daat']' returned non-zero exit status 1. Cannot install requirements!
2022-01-30 14:28:46.254282: Command '['C:\\Users\\maxim\\AppData\\Local\\Programs\\Python\\Python38\\python.exe', '-m', 'pip', 'install', '-r', 'requirements.daat']' returned non-zero exit status 1. Cannot install requirements!
2022-02-05 18:29:28.053931: Command '['C:\\Users\\maxim\\Desktop\\myCode\\pythonProject3\\venv\\Scripts\\python.exe', '-m', 'pip', 'install', '-r', 'requirements.daat']' returned non-zero exit status 1. Cannot install requirements!
2022-02-05 21:19:59.284974: Command '['C:\\Users\\maxim\\Desktop\\myCode\\pythonProject3\\venv\\Scripts\\python.exe', '-m', 'pip', 'install', '-r', 'Data/requirements.dat']' returned non-zero exit status 1. Cannot install requirements!
2022-02-05 21:26:55.931858: Command '['C:\\Users\\maxim\\AppData\\Local\\Programs\\Python\\Python38\\python.exe', '-m', 'pip', 'install', '-r', 'Data/requirements.dat']' returned non-zero exit status 1. Cannot install requirements!
2022-02-05 21:27:13.598767: Command '['C:\\Users\\maxim\\AppData\\Local\\Programs\\Python\\Python38\\python.exe', '-m', 'pip', 'install', '-r', 'Data/requirements.dat']' returned non-zero exit status 1. Cannot install requirements!
2022-02-06 00:59:53.346533: cannot open playerdata.dat (scores file). check file exists/corrupted
ErrorHandle: Command '['C:\\Users\\maxim\\AppData\\Local\\Programs\\Python\\Python38\\python.exe', '-m', 'pip', 'install', '-r', 'Data/requirements.dat']' returned non-zero exit status 1.
2022-02-06 01:02:30.865498: cannot open playerdata.dat (scores file). check file exists/corrupted
ErrorHandle: Command '['C:\\Users\\maxim\\AppData\\Local\\Programs\\Python\\Python38\\python.exe', '-m', 'pip', 'install', '-r', 'Data/requirements.dat']' returned non-zero exit status 1.
2022-02-06 01:03:48.342731: cannot open playerdata.dat (scores file). check file exists/corrupted
ErrorHandle: Command '['C:\\Users\\maxim\\AppData\\Local\\Programs\\Python\\Python38\\python.exe', '-m', 'pip', 'install', '-r', 'Data/requirements.dat']' returned non-zero exit status 1.
2022-02-06 01:04:33.132142: Cannot install requirements!
ErrorHandle: Command '['C:\\Users\\maxim\\AppData\\Local\\Programs\\Python\\Python38\\python.exe', '-m', 'pip', 'install', '-r', 'Data/requirements.dat']' returned non-zero exit status 1.
2022-02-06 14:50:10.832960: Cannot install requirements!
ErrorHandle: Command '['C:\\Users\\maxim\\AppData\\Local\\Programs\\Python\\Python38\\python.exe', '-m', 'pip', 'install', '-r', 'requirements.dat']' returned non-zero exit status 1.
2022-02-06 14:51:17.318833: Cannot install requirements!
ErrorHandle: Command '['C:\\Users\\maxim\\AppData\\Local\\Programs\\Python\\Python38\\python.exe', '-m', 'pip', 'install', '-r', 'requirements.dat']' returned non-zero exit status 1.
2022-02-06 14:51:40.941036: Cannot install requirements!
ErrorHandle: Command '['C:\\Users\\maxim\\AppData\\Local\\Programs\\Python\\Python38\\python.exe', '-m', 'pip', 'install', '-r', 'requirements.dat']' returned non-zero exit status 1.
2022-02-06 15:02:15.564393: Cannot install requirements!
ErrorHandle: Command '['C:\\Users\\maxim\\AppData\\Local\\Programs\\Python\\Python38\\python.exe', '-m', 'pip', 'install', '-r', 'requirements.dat']' returned non-zero exit status 1.
2022-02-06 15:02:16.251779: Cannot install requirements!
ErrorHandle: Command '['C:\\Users\\maxim\\AppData\\Local\\Programs\\Python\\Python38\\python.exe', '-m', 'pip', 'install', '-r', 'requirements.dat']' returned non-zero exit status 1.
2022-02-06 16:18:27.236479: cannot open playerdata.dat (scores file). check file exists/corrupted
ErrorHandle: FileNotFoundError: [Errno 2] No such file or directory: 'playerdata.dat'
2022-02-06 16:34:00.872735: cannot open playerdata.dat (scores file). check file exists/corrupted
ErrorHandle: FileNotFoundError: [Errno 2] No such file or directory: 'playerdata.dat'
2022-02-06 16:34:11.028527: cannot open playerdata.dat (scores file). check file exists/corrupted
ErrorHandle: FileNotFoundError: [Errno 2] No such file or directory: 'playerdata.dat'
2022-02-06 16:34:11.828123: cannot open playerdata.dat (scores file). check file exists/corrupted
ErrorHandle: FileNotFoundError: [Errno 2] No such file or directory: 'playerdata.dat'
2022-02-06 16:34:12.020609: cannot open playerdata.dat (scores file). check file exists/corrupted
ErrorHandle: FileNotFoundError: [Errno 2] No such file or directory: 'playerdata.dat'
2022-02-06 16:34:12.181342: cannot open playerdata.dat (scores file). check file exists/corrupted
ErrorHandle: FileNotFoundError: [Errno 2] No such file or directory: 'playerdata.dat'
2022-02-06 16:34:12.345078: cannot open playerdata.dat (scores file). check file exists/corrupted
ErrorHandle: FileNotFoundError: [Errno 2] No such file or directory: 'playerdata.dat'
2022-02-06 16:34:12.497131: cannot open playerdata.dat (scores file). check file exists/corrupted
ErrorHandle: FileNotFoundError: [Errno 2] No such file or directory: 'playerdata.dat'
2022-02-06 16:38:02.286393: Game module Play function is corrupted or doesnt exist. check game module: <module 'Data.Games.GuessGame' from 'C:\\Users\\maxim\\Desktop\\test\\Data\\Games\\GuessGame.py'>
ErrorHandle: module 'Data.Games.GuessGame' has no attribute 'play'
2022-02-06 16:41:45.717130: Game module Play function is corrupted or doesnt exist. check game module: <module 'Data.Games.GuessGame' from 'C:\\Users\\maxim\\Desktop\\test\\Data\\Games\\GuessGame.py'>
ErrorHandle: module 'Data.Games.GuessGame' has no attribute 'play'
2022-02-07 18:57:04.741334: Game module Play function is corrupted or doesnt exist. check game module: <module 'Data.Games.CurrencyRouletteGame' from 'C:\\Users\\maxim\\Desktop\\myCode\\WorldOfGames\\Data\\Games\\CurrencyRouletteGame.py'>
ErrorHandle: bad operand type for abs(): 'list'
